2016-02-26 09:51:57,141 |source(localmysql)-0 |DatabaseUtil                  |E| Could not create table [demo_country]: SQL Exception while executing the following:
CREATE TABLE demo_country (COUNTRY_ID VARCHAR(20) CHARACTER SET utf8 COLLATE utf8_general_ci NOT NULL, COUNTRY_NAME VARCHAR(100) CHARACTER SET utf8 COLLATE utf8_general_ci, LAST_UPDATED_STAMP DATETIME, LAST_UPDATED_TX_STAMP DATETIME, CREATED_STAMP DATETIME, CREATED_TX_STAMP DATETIME, CONSTRAINT PK_demo_country PRIMARY KEY (COUNTRY_ID)) CHARACTER SET utf8 COLLATE utf8_general_ci
Error was: com.mysql.jdbc.exceptions.jdbc4.MySQLSyntaxErrorException: Table 'demo_country' already exists
2016-02-26 09:51:57,142 |source(localmysql)-0 |DatabaseUtil                  |E| Could not create table [demo_league]: SQL Exception while executing the following:
CREATE TABLE demo_league (LEAGUE_ID VARCHAR(20) CHARACTER SET utf8 COLLATE utf8_general_ci NOT NULL, LEAGUE_NAME VARCHAR(100) CHARACTER SET utf8 COLLATE utf8_general_ci, COUNTRY_ID VARCHAR(20) CHARACTER SET utf8 COLLATE utf8_general_ci, LEVEL VARCHAR(100) CHARACTER SET utf8 COLLATE utf8_general_ci, LAST_UPDATED_STAMP DATETIME, LAST_UPDATED_TX_STAMP DATETIME, CREATED_STAMP DATETIME, CREATED_TX_STAMP DATETIME, CONSTRAINT PK_demo_league PRIMARY KEY (LEAGUE_ID)) CHARACTER SET utf8 COLLATE utf8_general_ci
Error was: com.mysql.jdbc.exceptions.jdbc4.MySQLSyntaxErrorException: Table 'demo_league' already exists
2016-02-26 09:51:57,144 |source(localmysql)-0 |DatabaseUtil                  |E| Could not create table [demo_player]: SQL Exception while executing the following:
CREATE TABLE demo_player (PLAYER_ID VARCHAR(20) CHARACTER SET utf8 COLLATE utf8_general_ci NOT NULL, PLAYER_NAME VARCHAR(100) CHARACTER SET utf8 COLLATE utf8_general_ci, BIRTHDAY DATE, HEIGHT VARCHAR(100) CHARACTER SET utf8 COLLATE utf8_general_ci, WEIGHT DECIMAL(20,0), POSITION VARCHAR(255) CHARACTER SET utf8 COLLATE utf8_general_ci, COUNTRY_ID VARCHAR(20) CHARACTER SET utf8 COLLATE utf8_general_ci, LAST_UPDATED_STAMP DATETIME, LAST_UPDATED_TX_STAMP DATETIME, CREATED_STAMP DATETIME, CREATED_TX_STAMP DATETIME, CONSTRAINT PK_demo_player PRIMARY KEY (PLAYER_ID)) CHARACTER SET utf8 COLLATE utf8_general_ci
Error was: com.mysql.jdbc.exceptions.jdbc4.MySQLSyntaxErrorException: Table 'demo_player' already exists
2016-02-26 09:51:57,144 |source(localmysql)-0 |DatabaseUtil                  |E| Could not create table [demo_season]: SQL Exception while executing the following:
CREATE TABLE demo_season (SEASON_ID VARCHAR(20) CHARACTER SET utf8 COLLATE utf8_general_ci NOT NULL, SEASON_NAME VARCHAR(100) CHARACTER SET utf8 COLLATE utf8_general_ci, LEAGUE_ID VARCHAR(20) CHARACTER SET utf8 COLLATE utf8_general_ci, FROM_DATE DATE, THRU_DATE DATE, LAST_UPDATED_STAMP DATETIME, LAST_UPDATED_TX_STAMP DATETIME, CREATED_STAMP DATETIME, CREATED_TX_STAMP DATETIME, CONSTRAINT PK_demo_season PRIMARY KEY (SEASON_ID)) CHARACTER SET utf8 COLLATE utf8_general_ci
Error was: com.mysql.jdbc.exceptions.jdbc4.MySQLSyntaxErrorException: Table 'demo_season' already exists
2016-02-26 09:51:57,182 |source(localmysql)-0 |DatabaseUtil                  |E| Could not create table [demo_season_tem]: SQL Exception while executing the following:
CREATE TABLE demo_season_tem (SEASON_ID VARCHAR(20) CHARACTER SET utf8 COLLATE utf8_general_ci NOT NULL, TEAM_ID VARCHAR(20) CHARACTER SET utf8 COLLATE utf8_general_ci NOT NULL, FROM_DATE DATE NOT NULL, THRU_DATE DATE, LAST_UPDATED_STAMP DATETIME, LAST_UPDATED_TX_STAMP DATETIME, CREATED_STAMP DATETIME, CREATED_TX_STAMP DATETIME, CONSTRAINT PK_demo_season_tem PRIMARY KEY (SEASON_ID, TEAM_ID, FROM_DATE)) CHARACTER SET utf8 COLLATE utf8_general_ci
Error was: com.mysql.jdbc.exceptions.jdbc4.MySQLSyntaxErrorException: Table 'demo_season_tem' already exists
2016-02-26 09:51:57,183 |source(localmysql)-0 |DatabaseUtil                  |E| Could not create table [demo_team]: SQL Exception while executing the following:
CREATE TABLE demo_team (TEAM_ID VARCHAR(20) CHARACTER SET utf8 COLLATE utf8_general_ci NOT NULL, TEAM_NAME VARCHAR(100) CHARACTER SET utf8 COLLATE utf8_general_ci, FOUNDED_DATE DATE, STADIUM_NAME VARCHAR(100) CHARACTER SET utf8 COLLATE utf8_general_ci, STADIUM_CAPACITY DECIMAL(20,0), OFFICAL_WEB_SITE VARCHAR(255) CHARACTER SET utf8 COLLATE utf8_general_ci, COUNTRY_ID VARCHAR(20) CHARACTER SET utf8 COLLATE utf8_general_ci, LAST_UPDATED_STAMP DATETIME, LAST_UPDATED_TX_STAMP DATETIME, CREATED_STAMP DATETIME, CREATED_TX_STAMP DATETIME, CONSTRAINT PK_demo_team PRIMARY KEY (TEAM_ID)) CHARACTER SET utf8 COLLATE utf8_general_ci
Error was: com.mysql.jdbc.exceptions.jdbc4.MySQLSyntaxErrorException: Table 'demo_team' already exists
2016-02-26 09:51:57,185 |source(localmysql)-0 |DatabaseUtil                  |E| Could not create table [demo_team_player]: SQL Exception while executing the following:
CREATE TABLE demo_team_player (PLAYER_ID VARCHAR(20) CHARACTER SET utf8 COLLATE utf8_general_ci NOT NULL, TEAM_ID VARCHAR(20) CHARACTER SET utf8 COLLATE utf8_general_ci NOT NULL, FROM_DATE DATE NOT NULL, THRU_DATE DATE, LAST_UPDATED_STAMP DATETIME, LAST_UPDATED_TX_STAMP DATETIME, CREATED_STAMP DATETIME, CREATED_TX_STAMP DATETIME, CONSTRAINT PK_demo_team_player PRIMARY KEY (PLAYER_ID, TEAM_ID, FROM_DATE)) CHARACTER SET utf8 COLLATE utf8_general_ci
Error was: com.mysql.jdbc.exceptions.jdbc4.MySQLSyntaxErrorException: Table 'demo_team_player' already exists
