2016-02-22 17:51:11,787 |main                 |ExecutionPool                 |E| null
java.util.concurrent.ExecutionException: java.lang.IllegalStateException: ContainerBase.addChild: start: org.apache.catalina.LifecycleException: Failed to start component [StandardEngine[default-server].StandardHost[0.0.0.0].StandardContext[/qlstyle]]
	at java.util.concurrent.FutureTask.report(FutureTask.java:122) ~[?:1.8.0_60]
	at java.util.concurrent.FutureTask.get(FutureTask.java:192) ~[?:1.8.0_60]
	at org.ofbiz.base.concurrent.ExecutionPool.getAllFutures(ExecutionPool.java:85) [bin/:?]
	at org.ofbiz.catalina.container.CatalinaContainer.loadComponents(CatalinaContainer.java:808) [bin/:?]
	at org.ofbiz.catalina.container.CatalinaContainer.start(CatalinaContainer.java:245) [bin/:?]
	at org.ofbiz.base.container.ContainerLoader.start(ContainerLoader.java:235) [bin/:?]
	at org.ofbiz.base.start.Start.startStartLoaders(Start.java:353) [bin/:?]
	at org.ofbiz.base.start.Start.start(Start.java:379) [bin/:?]
	at org.ofbiz.base.start.Start.main(Start.java:135) [bin/:?]
Caused by: java.lang.IllegalStateException: ContainerBase.addChild: start: org.apache.catalina.LifecycleException: Failed to start component [StandardEngine[default-server].StandardHost[0.0.0.0].StandardContext[/qlstyle]]
	at org.apache.catalina.core.ContainerBase.addChildInternal(ContainerBase.java:904) ~[tomcat-7.0.59-catalina.jar:7.0.59]
	at org.apache.catalina.core.ContainerBase.addChild(ContainerBase.java:877) ~[tomcat-7.0.59-catalina.jar:7.0.59]
	at org.apache.catalina.core.StandardHost.addChild(StandardHost.java:649) ~[tomcat-7.0.59-catalina.jar:7.0.59]
	at org.ofbiz.catalina.container.CatalinaContainer.configureContext(CatalinaContainer.java:760) ~[bin/:?]
	at org.ofbiz.catalina.container.CatalinaContainer.access$0(CatalinaContainer.java:619) ~[bin/:?]
	at org.ofbiz.catalina.container.CatalinaContainer$1.call(CatalinaContainer.java:611) ~[bin/:?]
	at org.ofbiz.catalina.container.CatalinaContainer$1.call(CatalinaContainer.java:1) ~[bin/:?]
	at java.util.concurrent.FutureTask.run(FutureTask.java:266) ~[?:1.8.0_60]
	at java.util.concurrent.ScheduledThreadPoolExecutor$ScheduledFutureTask.access$201(ScheduledThreadPoolExecutor.java:180) ~[?:1.8.0_60]
	at java.util.concurrent.ScheduledThreadPoolExecutor$ScheduledFutureTask.run(ScheduledThreadPoolExecutor.java:293) ~[?:1.8.0_60]
	at java.util.concurrent.ThreadPoolExecutor.runWorker(ThreadPoolExecutor.java:1142) ~[?:1.8.0_60]
	at java.util.concurrent.ThreadPoolExecutor$Worker.run(ThreadPoolExecutor.java:617) ~[?:1.8.0_60]
	at java.lang.Thread.run(Thread.java:745) ~[?:1.8.0_60]
2016-02-22 18:05:28,403 |-0.0.0.0-8443-exec-6 |ModelService                  |E| [ModelService.validate] : {setUserPreference} : (IN) Required test error: org.ofbiz.service.ServiceValidationException: 找不到下列必须的参数： [IN] [setUserPreference.userPrefTypeId]找不到下列必须的参数： [IN] [setUserPreference.userPrefValue]
2016-02-22 18:05:28,403 |-0.0.0.0-8443-exec-6 |ServiceDispatcher             |E| Incoming context (in runSync : setUserPreference) does not match expected requirements
org.ofbiz.service.ServiceValidationException: 找不到下列必须的参数： [IN] [setUserPreference.userPrefTypeId]找不到下列必须的参数： [IN] [setUserPreference.userPrefValue]
	at org.ofbiz.service.ModelService.validate(ModelService.java:636) ~[bin/:?]
	at org.ofbiz.service.ModelService.validate(ModelService.java:572) ~[bin/:?]
	at org.ofbiz.service.ServiceDispatcher.runSync(ServiceDispatcher.java:381) [bin/:?]
	at org.ofbiz.service.ServiceDispatcher.runSync(ServiceDispatcher.java:232) [bin/:?]
	at org.ofbiz.service.GenericDispatcherFactory$GenericDispatcher.runSync(GenericDispatcherFactory.java:83) [bin/:?]
	at org.ofbiz.webapp.event.ServiceEventHandler.invoke(ServiceEventHandler.java:341) [bin/:?]
	at org.ofbiz.webapp.control.RequestHandler.runEvent(RequestHandler.java:696) [bin/:?]
	at org.ofbiz.webapp.control.RequestHandler.doRequest(RequestHandler.java:421) [bin/:?]
	at org.ofbiz.webapp.control.ControlServlet.doGet(ControlServlet.java:211) [bin/:?]
	at javax.servlet.http.HttpServlet.service(HttpServlet.java:620) [servlet-api-3.0.jar:?]
	at javax.servlet.http.HttpServlet.service(HttpServlet.java:727) [servlet-api-3.0.jar:?]
	at org.apache.catalina.core.ApplicationFilterChain.internalDoFilter(ApplicationFilterChain.java:303) [tomcat-7.0.59-catalina.jar:7.0.59]
	at org.apache.catalina.core.ApplicationFilterChain.doFilter(ApplicationFilterChain.java:208) [tomcat-7.0.59-catalina.jar:7.0.59]
	at org.ofbiz.webapp.control.ContextFilter.doFilter(ContextFilter.java:317) [bin/:?]
	at org.apache.catalina.core.ApplicationFilterChain.internalDoFilter(ApplicationFilterChain.java:241) [tomcat-7.0.59-catalina.jar:7.0.59]
	at org.apache.catalina.core.ApplicationFilterChain.doFilter(ApplicationFilterChain.java:208) [tomcat-7.0.59-catalina.jar:7.0.59]
	at org.apache.catalina.core.StandardWrapperValve.invoke(StandardWrapperValve.java:220) [tomcat-7.0.59-catalina.jar:7.0.59]
	at org.apache.catalina.core.StandardContextValve.invoke(StandardContextValve.java:122) [tomcat-7.0.59-catalina.jar:7.0.59]
	at org.apache.catalina.authenticator.AuthenticatorBase.invoke(AuthenticatorBase.java:504) [tomcat-7.0.59-catalina.jar:7.0.59]
	at org.apache.catalina.core.StandardHostValve.invoke(StandardHostValve.java:170) [tomcat-7.0.59-catalina.jar:7.0.59]
	at org.apache.catalina.valves.ErrorReportValve.invoke(ErrorReportValve.java:103) [tomcat-7.0.59-catalina.jar:7.0.59]
	at org.apache.catalina.core.StandardEngineValve.invoke(StandardEngineValve.java:116) [tomcat-7.0.59-catalina.jar:7.0.59]
	at org.apache.catalina.valves.AccessLogValve.invoke(AccessLogValve.java:950) [tomcat-7.0.59-catalina.jar:7.0.59]
	at org.apache.catalina.connector.CoyoteAdapter.service(CoyoteAdapter.java:421) [tomcat-7.0.59-catalina.jar:7.0.59]
	at org.apache.coyote.http11.AbstractHttp11Processor.process(AbstractHttp11Processor.java:1074) [tomcat-7.0.59-tomcat-coyote.jar:7.0.59]
	at org.apache.coyote.AbstractProtocol$AbstractConnectionHandler.process(AbstractProtocol.java:611) [tomcat-7.0.59-tomcat-coyote.jar:7.0.59]
	at org.apache.tomcat.util.net.JIoEndpoint$SocketProcessor.run(JIoEndpoint.java:316) [tomcat-7.0.59-tomcat-coyote.jar:7.0.59]
	at java.util.concurrent.ThreadPoolExecutor.runWorker(ThreadPoolExecutor.java:1142) [?:1.8.0_60]
	at java.util.concurrent.ThreadPoolExecutor$Worker.run(ThreadPoolExecutor.java:617) [?:1.8.0_60]
	at org.apache.tomcat.util.threads.TaskThread$WrappingRunnable.run(TaskThread.java:61) [tomcat-7.0.59-tomcat-coyote.jar:7.0.59]
	at java.lang.Thread.run(Thread.java:745) [?:1.8.0_60]
2016-02-22 18:05:28,417 |-0.0.0.0-8443-exec-6 |RequestHandler                |E| Request setUserPreference caused an error with the following message: {找不到下列必须的参数： [IN] [setUserPreference.userPrefTypeId], 找不到下列必须的参数： [IN] [setUserPreference.userPrefValue]}
